# JRE version: OpenJDK Runtime Environment (8.0_212-b04) (build 1.8.0_212-release-1586-b04)
# Java VM: OpenJDK 64-Bit Server VM (25.212-b04 mixed mode windows-amd64 compressed oops)
Heap:
 PSYoungGen      total 375296K, used 64334K [0x00000000e0000000, 0x00000000ffd00000, 0x0000000100000000)
  eden space 230400K, 26% used [0x00000000e0000000,0x00000000e3b4c0e8,0x00000000ee100000)
  from space 144896K, 2% used [0x00000000ee100000,0x00000000ee487748,0x00000000f6e80000)
  to   space 142336K, 0% used [0x00000000f7200000,0x00000000f7200000,0x00000000ffd00000)
 ParOldGen       total 501760K, used 284482K [0x00000000a0000000, 0x00000000bea00000, 0x00000000e0000000)
  object space 501760K, 56% used [0x00000000a0000000,0x00000000b15d0980,0x00000000bea00000)
 Metaspace       used 179398K, capacity 190889K, committed 191168K, reserved 1216512K
  class space    used 21932K, capacity 23887K, committed 24024K, reserved 1048576K
GC Heap History (10 events):
Event: 18737.694 GC heap before
{Heap before GC invocations=221 (full 10):
 PSYoungGen      total 363520K, used 250006K [0x00000000e0000000, 0x00000000ff780000, 0x0000000100000000)
  eden space 219648K, 100% used [0x00000000e0000000,0x00000000ed680000,0x00000000ed680000)
  from space 143872K, 21% used [0x00000000f6b00000,0x00000000f88a5b18,0x00000000ff780000)
  to   space 147968K, 0% used [0x00000000ed680000,0x00000000ed680000,0x00000000f6700000)
 ParOldGen       total 501760K, used 243239K [0x00000000a0000000, 0x00000000bea00000, 0x00000000e0000000)
  object space 501760K, 48% used [0x00000000a0000000,0x00000000aed89c90,0x00000000bea00000)
 Metaspace       used 177991K, capacity 189015K, committed 189248K, reserved 1214464K
  class space    used 21807K, capacity 23718K, committed 23896K, reserved 1048576K
Event: 18737.773 GC heap after
Heap after GC invocations=221 (full 10):
 PSYoungGen      total 367616K, used 27679K [0x00000000e0000000, 0x0000000100000000, 0x0000000100000000)
  eden space 219648K, 0% used [0x00000000e0000000,0x00000000e0000000,0x00000000ed680000)
  from space 147968K, 18% used [0x00000000ed680000,0x00000000ef187f58,0x00000000f6700000)
  to   space 145920K, 0% used [0x00000000f7180000,0x00000000f7180000,0x0000000100000000)
 ParOldGen       total 501760K, used 257536K [0x00000000a0000000, 0x00000000bea00000, 0x00000000e0000000)
  object space 501760K, 51% used [0x00000000a0000000,0x00000000afb80128,0x00000000bea00000)
 Metaspace       used 177991K, capacity 189015K, committed 189248K, reserved 1214464K
  class space    used 21807K, capacity 23718K, committed 23896K, reserved 1048576K
}
Event: 18742.178 GC heap before
{Heap before GC invocations=222 (full 10):
 PSYoungGen      total 367616K, used 247327K [0x00000000e0000000, 0x0000000100000000, 0x0000000100000000)
  eden space 219648K, 100% used [0x00000000e0000000,0x00000000ed680000,0x00000000ed680000)
  from space 147968K, 18% used [0x00000000ed680000,0x00000000ef187f58,0x00000000f6700000)
  to   space 145920K, 0% used [0x00000000f7180000,0x00000000f7180000,0x0000000100000000)
 ParOldGen       total 501760K, used 257536K [0x00000000a0000000, 0x00000000bea00000, 0x00000000e0000000)
  object space 501760K, 51% used [0x00000000a0000000,0x00000000afb80128,0x00000000bea00000)
 Metaspace       used 179044K, capacity 190333K, committed 190656K, reserved 1216512K
  class space    used 21898K, capacity 23841K, committed 24024K, reserved 1048576K
Event: 18742.214 GC heap after
Heap after GC invocations=222 (full 10):
 PSYoungGen      total 376320K, used 3627K [0x00000000e0000000, 0x0000000100000000, 0x0000000100000000)
  eden space 230400K, 0% used [0x00000000e0000000,0x00000000e0000000,0x00000000ee100000)
  from space 145920K, 2% used [0x00000000f7180000,0x00000000f750ad30,0x0000000100000000)
  to   space 146944K, 0% used [0x00000000ee100000,0x00000000ee100000,0x00000000f7080000)
 ParOldGen       total 501760K, used 277117K [0x00000000a0000000, 0x00000000bea00000, 0x00000000e0000000)
  object space 501760K, 55% used [0x00000000a0000000,0x00000000b0e9f5b8,0x00000000bea00000)
 Metaspace       used 179044K, capacity 190333K, committed 190656K, reserved 1216512K
  class space    used 21898K, capacity 23841K, committed 24024K, reserved 1048576K
}
Event: 18745.515 GC heap before
{Heap before GC invocations=223 (full 10):
 PSYoungGen      total 376320K, used 234027K [0x00000000e0000000, 0x0000000100000000, 0x0000000100000000)
  eden space 230400K, 100% used [0x00000000e0000000,0x00000000ee100000,0x00000000ee100000)
  from space 145920K, 2% used [0x00000000f7180000,0x00000000f750ad30,0x0000000100000000)
  to   space 146944K, 0% used [0x00000000ee100000,0x00000000ee100000,0x00000000f7080000)
 ParOldGen       total 501760K, used 277117K [0x00000000a0000000, 0x00000000bea00000, 0x00000000e0000000)
  object space 501760K, 55% used [0x00000000a0000000,0x00000000b0e9f5b8,0x00000000bea00000)
 Metaspace       used 179103K, capacity 190421K, committed 190656K, reserved 1216512K
  class space    used 21902K, capacity 23847K, committed 24024K, reserved 1048576K
Event: 18745.537 GC heap after
Heap after GC invocations=223 (full 10):
 PSYoungGen      total 377344K, used 2336K [0x00000000e0000000, 0x0000000100000000, 0x0000000100000000)
  eden space 230400K, 0% used [0x00000000e0000000,0x00000000e0000000,0x00000000ee100000)
  from space 146944K, 1% used [0x00000000ee100000,0x00000000ee348020,0x00000000f7080000)
  to   space 146944K, 0% used [0x00000000f7080000,0x00000000f7080000,0x0000000100000000)
 ParOldGen       total 501760K, used 280250K [0x00000000a0000000, 0x00000000bea00000, 0x00000000e0000000)
  object space 501760K, 55% used [0x00000000a0000000,0x00000000b11ae950,0x00000000bea00000)
 Metaspace       used 179103K, capacity 190421K, committed 190656K, reserved 1216512K
  class space    used 21902K, capacity 23847K, committed 24024K, reserved 1048576K
}
Event: 18749.076 GC heap before
{Heap before GC invocations=224 (full 10):
 PSYoungGen      total 377344K, used 232736K [0x00000000e0000000, 0x0000000100000000, 0x0000000100000000)
  eden space 230400K, 100% used [0x00000000e0000000,0x00000000ee100000,0x00000000ee100000)
  from space 146944K, 1% used [0x00000000ee100000,0x00000000ee348020,0x00000000f7080000)
  to   space 146944K, 0% used [0x00000000f7080000,0x00000000f7080000,0x0000000100000000)
 ParOldGen       total 501760K, used 280250K [0x00000000a0000000, 0x00000000bea00000, 0x00000000e0000000)
  object space 501760K, 55% used [0x00000000a0000000,0x00000000b11ae950,0x00000000bea00000)
 Metaspace       used 179140K, capacity 190485K, committed 190912K, reserved 1216512K
  class space    used 21902K, capacity 23847K, committed 24024K, reserved 1048576K
Event: 18749.111 GC heap after
Heap after GC invocations=224 (full 10):
 PSYoungGen      total 373248K, used 2304K [0x00000000e0000000, 0x00000000ffc00000, 0x0000000100000000)
  eden space 230400K, 0% used [0x00000000e0000000,0x00000000e0000000,0x00000000ee100000)
  from space 142848K, 1% used [0x00000000f7080000,0x00000000f72c0020,0x00000000ffc00000)
  to   space 144896K, 0% used [0x00000000ee100000,0x00000000ee100000,0x00000000f6e80000)
 ParOldGen       total 501760K, used 282202K [0x00000000a0000000, 0x00000000bea00000, 0x00000000e0000000)
  object space 501760K, 56% used [0x00000000a0000000,0x00000000b1396960,0x00000000bea00000)
 Metaspace       used 179140K, capacity 190485K, committed 190912K, reserved 1216512K
  class space    used 21902K, capacity 23847K, committed 24024K, reserved 1048576K
}
Event: 18753.366 GC heap before
{Heap before GC invocations=225 (full 10):
 PSYoungGen      total 373248K, used 232704K [0x00000000e0000000, 0x00000000ffc00000, 0x0000000100000000)
  eden space 230400K, 100% used [0x00000000e0000000,0x00000000ee100000,0x00000000ee100000)
  from space 142848K, 1% used [0x00000000f7080000,0x00000000f72c0020,0x00000000ffc00000)
  to   space 144896K, 0% used [0x00000000ee100000,0x00000000ee100000,0x00000000f6e80000)
 ParOldGen       total 501760K, used 282202K [0x00000000a0000000, 0x00000000bea00000, 0x00000000e0000000)
  object space 501760K, 56% used [0x00000000a0000000,0x00000000b1396960,0x00000000bea00000)
 Metaspace       used 179362K, capacity 190823K, committed 191168K, reserved 1216512K
  class space    used 21931K, capacity 23886K, committed 24024K, reserved 1048576K
Event: 18753.396 GC heap after
Heap after GC invocations=225 (full 10):
 PSYoungGen      total 375296K, used 3613K [0x00000000e0000000, 0x00000000ffd00000, 0x0000000100000000)
  eden space 230400K, 0% used [0x00000000e0000000,0x00000000e0000000,0x00000000ee100000)
  from space 144896K, 2% used [0x00000000ee100000,0x00000000ee487748,0x00000000f6e80000)
  to   space 142336K, 0% used [0x00000000f7200000,0x00000000f7200000,0x00000000ffd00000)
 ParOldGen       total 501760K, used 284482K [0x00000000a0000000, 0x00000000bea00000, 0x00000000e0000000)
  object space 501760K, 56% used [0x00000000a0000000,0x00000000b15d0980,0x00000000bea00000)
 Metaspace       used 179362K, capacity 190823K, committed 191168K, reserved 1216512K
  class space    used 21931K, capacity 23886K, committed 24024K, reserved 1048576K
}

